
  .   ____          _            __ _ _
 /\\ / ___'_ __ _ _(_)_ __  __ _ \ \ \ \
( ( )\___ | '_ | '_| | '_ \/ _` | \ \ \ \
 \\/  ___)| |_)| | | | | || (_| |  ) ) ) )
  '  |____| .__|_| |_|_| |_\__, | / / / /
 =========|_|==============|___/=/_/_/_/

 :: Spring Boot ::                (v4.0.6)

2026-05-30T19:28:57.818-05:00  INFO 780 --- [Inventario] [           main] c.p.Inventario.InventarioApplication     : Starting InventarioApplication v0.0.1-SNAPSHOT using Java 25.0.3 with PID 780 (C:\Users\LENOVO LOQ\Downloads\Inventario\Inventario\target\Inventario-0.0.1-SNAPSHOT.jar started by LENOVO LOQ in C:\Users\LENOVO LOQ\Downloads\Inventario\Inventario)
2026-05-30T19:28:57.823-05:00  INFO 780 --- [Inventario] [           main] c.p.Inventario.InventarioApplication     : No active profile set, falling back to 1 default profile: "default"
2026-05-30T19:28:58.634-05:00  INFO 780 --- [Inventario] [           main] .s.d.r.c.RepositoryConfigurationDelegate : Bootstrapping Spring Data JPA repositories in DEFAULT mode.
2026-05-30T19:28:58.684-05:00  INFO 780 --- [Inventario] [           main] .s.d.r.c.RepositoryConfigurationDelegate : Finished Spring Data repository scanning in 43 ms. Found 2 JPA repository interfaces.
2026-05-30T19:28:59.269-05:00  INFO 780 --- [Inventario] [           main] o.s.boot.tomcat.TomcatWebServer          : Tomcat initialized with port 8080 (http)
2026-05-30T19:28:59.290-05:00  INFO 780 --- [Inventario] [           main] o.apache.catalina.core.StandardService   : Starting service [Tomcat]
2026-05-30T19:28:59.291-05:00  INFO 780 --- [Inventario] [           main] o.apache.catalina.core.StandardEngine    : Starting Servlet engine: [Apache Tomcat/11.0.21]
2026-05-30T19:28:59.323-05:00  INFO 780 --- [Inventario] [           main] b.w.c.s.WebApplicationContextInitializer : Root WebApplicationContext: initialization completed in 1434 ms
2026-05-30T19:28:59.533-05:00  INFO 780 --- [Inventario] [           main] org.hibernate.orm.jpa                    : HHH008540: Processing PersistenceUnitInfo [name: default]
2026-05-30T19:28:59.606-05:00  INFO 780 --- [Inventario] [           main] org.hibernate.orm.core                   : HHH000001: Hibernate ORM core version 7.2.12.Final
2026-05-30T19:29:00.069-05:00  INFO 780 --- [Inventario] [           main] o.s.o.j.p.SpringPersistenceUnitInfo      : No LoadTimeWeaver setup: ignoring JPA class transformer
2026-05-30T19:29:00.092-05:00  INFO 780 --- [Inventario] [           main] com.zaxxer.hikari.HikariDataSource       : HikariPool-1 - Starting...
2026-05-30T19:29:00.192-05:00  INFO 780 --- [Inventario] [           main] com.zaxxer.hikari.pool.HikariPool        : HikariPool-1 - Added connection org.postgresql.jdbc.PgConnection@32b95de
2026-05-30T19:29:00.193-05:00  INFO 780 --- [Inventario] [           main] com.zaxxer.hikari.HikariDataSource       : HikariPool-1 - Start completed.
2026-05-30T19:29:00.244-05:00  INFO 780 --- [Inventario] [           main] org.hibernate.orm.connections.pooling    : HHH10001005: Database info:
	Database JDBC URL [jdbc:postgresql://localhost:5432/inventario_db]
	Database driver: PostgreSQL JDBC Driver
	Database dialect: PostgreSQLDialect
	Database version: 18.3
	Default catalog/schema: inventario_db/public
	Autocommit mode: undefined/unknown
	Isolation level: READ_COMMITTED [default READ_COMMITTED]
	JDBC fetch size: none
	Pool: DataSourceConnectionProvider
	Minimum pool size: undefined/unknown
	Maximum pool size: undefined/unknown
2026-05-30T19:29:01.281-05:00  INFO 780 --- [Inventario] [           main] org.hibernate.orm.core                   : HHH000489: No JTA platform available (set 'hibernate.transaction.jta.platform' to enable JTA platform integration)
2026-05-30T19:29:01.423-05:00  INFO 780 --- [Inventario] [           main] j.LocalContainerEntityManagerFactoryBean : Initialized JPA EntityManagerFactory for persistence unit 'default'
2026-05-30T19:29:01.661-05:00  INFO 780 --- [Inventario] [           main] o.s.d.j.r.query.QueryEnhancerFactories   : Hibernate is in classpath; If applicable, HQL parser will be used.
2026-05-30T19:29:03.733-05:00  INFO 780 --- [Inventario] [           main] r$InitializeUserDetailsManagerConfigurer : Global AuthenticationManager configured with UserDetailsService bean with name customUserDetailsService
2026-05-30T19:29:04.156-05:00  INFO 780 --- [Inventario] [           main] o.s.boot.tomcat.TomcatWebServer          : Tomcat started on port 8080 (http) with context path '/'
2026-05-30T19:29:04.160-05:00  INFO 780 --- [Inventario] [           main] c.p.Inventario.InventarioApplication     : Started InventarioApplication in 6.843 seconds (process running for 7.441)
Hibernate: 
    select
        ue1_0.id 
    from
        usuarios ue1_0 
    where
        ue1_0.nombre=? 
    fetch
        first ? rows only
Hibernate: 
    select
        ue1_0.id 
    from
        usuarios ue1_0 
    where
        ue1_0.nombre=? 
    fetch
        first ? rows only
2026-05-30T19:29:04.407-05:00  INFO 780 --- [Inventario] [nio-8080-exec-1] o.a.c.c.C.[Tomcat].[localhost].[/]       : Initializing Spring DispatcherServlet 'dispatcherServlet'
2026-05-30T19:29:04.407-05:00  INFO 780 --- [Inventario] [nio-8080-exec-1] o.s.web.servlet.DispatcherServlet        : Initializing Servlet 'dispatcherServlet'
2026-05-30T19:29:04.408-05:00  INFO 780 --- [Inventario] [nio-8080-exec-1] o.s.web.servlet.DispatcherServlet        : Completed initialization in 0 ms
